<?xml version="1.0" encoding="UTF-8"?>
<testsuite xmlns:xsi="http://www.w3.org/2001/XMLSchema-instance" xsi:noNamespaceSchemaLocation="https://maven.apache.org/surefire/maven-surefire-plugin/xsd/surefire-test-report.xsd" name="com.jonathan.github.addressapi.rest.resources.AddressResourcesTest" time="0.734" tests="1" errors="0" skipped="0" failures="1">
  <properties>
[...]
</properties>
  <testcase name="shouldReturnBadRequestWithEmptyBody" classname="com.jonathan.github.addressapi.rest.resources.AddressResourcesTest" time="0.112">
    <failure message="No value at JSON path &quot;$.errorMessage&quot;" type="java.lang.AssertionError">java.lang.AssertionError: No value at JSON path "$.errorMessage"
	at com.jonathan.github.addressapi.rest.resources.AddressResourcesTest.shouldReturnBadRequestWithEmptyBody(AddressResourcesTest.java:35)
Caused by: java.lang.IllegalArgumentException: json can not be null or empty
	at com.jonathan.github.addressapi.rest.resources.AddressResourcesTest.shouldReturnBadRequestWithEmptyBody(AddressResourcesTest.java:35)
</failure>
    <system-out><![CDATA[2023-05-06T10:28:41.155-03:00  INFO 15145 --- [           main] t.c.s.AnnotationConfigContextLoaderUtils : Could not detect default configuration classes for test class [com.jonathan.github.addressapi.rest.resources.AddressResourcesTest]: AddressResourcesTest does not declare any static, non-private, non-final, nested classes annotated with @Configuration.
2023-05-06T10:28:41.200-03:00  INFO 15145 --- [           main] .b.t.c.SpringBootTestContextBootstrapper : Found @SpringBootConfiguration com.jonathan.github.addressapi.AddressApiApplication for test class com.jonathan.github.addressapi.rest.resources.AddressResourcesTest

  .   ____          _            __ _ _
 /\\ / ___'_ __ _ _(_)_ __  __ _ \ \ \ \
( ( )\___ | '_ | '_| | '_ \/ _` | \ \ \ \
 \\/  ___)| |_)| | | | | || (_| |  ) ) ) )
  '  |____| .__|_| |_|_| |_\__, | / / / /
 =========|_|==============|___/=/_/_/_/
 :: Spring Boot ::                (v3.0.6)

2023-05-06T10:28:41.260-03:00  INFO 15145 --- [           main] c.j.g.a.r.r.AddressResourcesTest         : Starting AddressResourcesTest using Java 17.0.6 with PID 15145 (started by x_olivejo1 in /home/x_olivejo1/Documents/desafio-spring-main)
2023-05-06T10:28:41.260-03:00  INFO 15145 --- [           main] c.j.g.a.r.r.AddressResourcesTest         : No active profile set, falling back to 1 default profile: "default"
2023-05-06T10:28:41.804-03:00  INFO 15145 --- [           main] o.s.b.t.m.w.SpringBootMockServletContext : Initializing Spring TestDispatcherServlet ''
2023-05-06T10:28:41.805-03:00  INFO 15145 --- [           main] o.s.t.web.servlet.TestDispatcherServlet  : Initializing Servlet ''
2023-05-06T10:28:41.809-03:00  INFO 15145 --- [           main] o.s.t.web.servlet.TestDispatcherServlet  : Completed initialization in 1 ms
2023-05-06T10:28:41.821-03:00  INFO 15145 --- [           main] c.j.g.a.r.r.AddressResourcesTest         : Started AddressResourcesTest in 0.613 seconds (process running for 4.789)
2023-05-06T10:28:41.891-03:00  WARN 15145 --- [           main] .w.s.m.s.DefaultHandlerExceptionResolver : Resolved [org.springframework.http.converter.HttpMessageNotReadableException: Required request body is missing: public java.util.List<com.jonathan.github.addressapi.rest.DTO.ResponseAddressDTO> com.jonathan.github.addressapi.rest.resources.AddressResources.getAddressInformation(java.util.List<com.jonathan.github.addressapi.rest.DTO.AddressDTO>) throws java.io.IOException,java.net.URISyntaxException]

MockHttpServletRequest:
      HTTP Method = GET
      Request URI = /api/address
       Parameters = {}
          Headers = [Accept:"application/json"]
             Body = null
    Session Attrs = {}

Handler:
             Type = com.jonathan.github.addressapi.rest.resources.AddressResources
           Method = com.jonathan.github.addressapi.rest.resources.AddressResources#getAddressInformation(List)

Async:
    Async started = false
     Async result = null

Resolved Exception:
             Type = org.springframework.http.converter.HttpMessageNotReadableException

ModelAndView:
        View name = null
             View = null
            Model = null

FlashMap:
       Attributes = null

MockHttpServletResponse:
           Status = 400
    Error message = null
          Headers = []
     Content type = null
             Body = 
    Forwarded URL = null
   Redirected URL = null
          Cookies = []
]]></system-out>
  </testcase>
</testsuite>